<?xml version="1.0" encoding="UTF-8"?>
<!-- Generated by org.testng.reporters.JUnitReportReporter -->
<testsuite hostname="Naveen" failures="0" tests="1" name="testCases.TC002_LoginTest" time="1.815" errors="0" timestamp="2024-09-18T22:11:59 IST" skipped="0">
  <testcase classname="testCases.TC002_LoginTest" name="verify_Login" time="1.815"/>
</testsuite> <!-- testCases.TC002_LoginTest -->
