<?xml version="1.0" encoding="UTF-8"?>
<!-- Generated by org.testng.reporters.JUnitReportReporter -->
<testsuite hostname="Naveen" failures="0" tests="1" name="testCases.TC_001OpncarthomePage" time="2.283" errors="0" timestamp="2024-08-14T22:50:02 IST" skipped="0">
  <testcase classname="testCases.TC_001OpncarthomePage" name="openCartHomePageTestCase" time="2.283"/>
</testsuite> <!-- testCases.TC_001OpncarthomePage -->
