<?xml version="1.0" encoding="UTF-8"?>
<!-- Generated by org.testng.reporters.JUnitReportReporter -->
<testsuite hostname="Naveen" failures="0" tests="6" name="testCases.TC003_LoginDDT" time="40.074" errors="0" timestamp="2024-09-18T10:38:19 IST" skipped="0">
  <testcase classname="testCases.TC003_LoginDDT" name="verify_LoginDDT" time="3.603"/>
  <testcase classname="testCases.TC003_LoginDDT" name="verify_LoginDDT" time="3.483"/>
  <testcase classname="testCases.TC003_LoginDDT" name="verify_LoginDDT" time="4.345"/>
  <testcase classname="testCases.TC003_LoginDDT" name="verify_LoginDDT" time="4.198"/>
  <testcase classname="testCases.TC003_LoginDDT" name="verify_LoginDDT" time="12.390"/>
  <testcase classname="testCases.TC003_LoginDDT" name="verify_LoginDDT" time="12.055"/>
</testsuite> <!-- testCases.TC003_LoginDDT -->
