<?xml version="1.0" encoding="UTF-8"?>
<!-- Generated by org.testng.reporters.JUnitReportReporter -->
<testsuite hostname="Naveen" failures="0" tests="3" name="testCases.TC001_AccountRegistrationTest" time="39.836" errors="0" timestamp="2024-09-18T21:50:16 IST" skipped="0">
  <testcase classname="testCases.TC001_AccountRegistrationTest" name="verify_account_registration" time="14.056"/>
  <testcase classname="testCases.TC001_AccountRegistrationTest" name="verify_account_registration" time="11.019"/>
  <testcase classname="testCases.TC001_AccountRegistrationTest" name="verify_account_registration" time="14.761"/>
</testsuite> <!-- testCases.TC001_AccountRegistrationTest -->
